#-----------------------------------------------------------
# Vivado v2024.1.2 (64-bit)
# SW Build 5164865 on Thu Sep  5 14:37:11 MDT 2024
# IP Build 5164407 on Fri Sep  6 08:18:11 MDT 2024
# SharedData Build 5164864 on Thu Sep 05 13:09:09 MDT 2024
# Start of session at: Wed Nov 27 09:18:59 2024
# Process ID: 28816
# Current directory: C:/Projects/ERN24004/Projects/SC25
# Command line: vivado.exe -gui_launcher_event rodinguilauncherevent27944 C:\Projects\ERN24004\Projects\SC25\SC25.xpr
# Log file: C:/Projects/ERN24004/Projects/SC25/vivado.log
# Journal file: C:/Projects/ERN24004/Projects/SC25\vivado.jou
# Running On        :DonGun
# Platform          :Windows Server 2016 or Windows 10
# Operating System  :22631
# Processor Detail  :13th Gen Intel(R) Core(TM) i7-13700K
# CPU Frequency     :3418 MHz
# CPU Physical cores:16
# CPU Logical cores :24
# Host memory       :34124 MB
# Swap memory       :2147 MB
# Total Virtual     :36272 MB
# Available Virtual :20569 MB
#-----------------------------------------------------------
start_gui
open_project C:/Projects/ERN24004/Projects/SC25/SC25.xpr
WARNING: [Board 49-26] cannot add Board Part xilinx.com:vek280_es:part0:1.0 available at C:/Xilinx/Vivado/2024.1/data/xhub/boards/XilinxBoardStore/boards/Xilinx/vek280/es/rev_a/1.0/board.xml as part xcve2802-vsvh1760-2lp-e-s-es1 specified in board_part file is either invalid or not available
Scanning sources...
WARNING: [Board 49-26] cannot add Board Part xilinx.com:vek280_es:part0:1.1 available at C:/Xilinx/Vivado/2024.1/data/xhub/boards/XilinxBoardStore/boards/Xilinx/vek280/es/rev_a/1.1/board.xml as part xcve2802-vsvh1760-2lp-e-s-es1 specified in board_part file is either invalid or not available
WARNING: [Board 49-26] cannot add Board Part xilinx.com:vek280_es_revb:part0:1.0 available at C:/Xilinx/Vivado/2024.1/data/xhub/boards/XilinxBoardStore/boards/Xilinx/vek280/es/rev_b/1.0/board.xml as part xcve2802-vsvh1760-2mp-e-s-es1 specified in board_part file is either invalid or not available
WARNING: [Board 49-26] cannot add Board Part xilinx.com:vek280_es_revb:part0:1.1 available at C:/Xilinx/Vivado/2024.1/data/xhub/boards/XilinxBoardStore/boards/Xilinx/vek280/es/rev_b/1.1/board.xml as part xcve2802-vsvh1760-2mp-e-s-es1 specified in board_part file is either invalid or not available
WARNING: [Board 49-26] cannot add Board Part xilinx.com:vhk158_es:part0:1.0 available at C:/Xilinx/Vivado/2024.1/data/xhub/boards/XilinxBoardStore/boards/Xilinx/vhk158/es/1.0/board.xml as part xcvh1582-vsva3697-2mp-e-s-es1 specified in board_part file is either invalid or not available
WARNING: [Board 49-26] cannot add Board Part xilinx.com:vhk158_es:part0:1.1 available at C:/Xilinx/Vivado/2024.1/data/xhub/boards/XilinxBoardStore/boards/Xilinx/vhk158/es/1.1/board.xml as part xcvh1582-vsva3697-2mp-e-s-es1 specified in board_part file is either invalid or not available
WARNING: [Board 49-26] cannot add Board Part xilinx.com:zcu208ld:part0:2.0 available at C:/Xilinx/Vivado/2024.1/data/xhub/boards/XilinxBoardStore/boards/Xilinx/zcu208ld/production/2.0/board.xml as part xczu58dr-fsvg1517-2-i specified in board_part file is either invalid or not available
WARNING: [Board 49-26] cannot add Board Part xilinx.com:zcu216ld:part0:2.0 available at C:/Xilinx/Vivado/2024.1/data/xhub/boards/XilinxBoardStore/boards/Xilinx/zcu216ld/production/2.0/board.xml as part xczu59dr-ffvf1760-2-i specified in board_part file is either invalid or not available
WARNING: [Board 49-26] cannot add Board Part xilinx.com:zcu670ld:part0:1.0 available at C:/Xilinx/Vivado/2024.1/data/xhub/boards/XilinxBoardStore/boards/Xilinx/zcu670ld/1.0/board.xml as part xczu57dr-fsve1156-2-i specified in board_part file is either invalid or not available
Finished scanning sources
INFO: [IP_Flow 19-234] Refreshing IP repositories
INFO: [IP_Flow 19-1700] Loaded user IP repository 'c:/Projects/ERN24004/Projects/SC25/ip_repo'.
INFO: [IP_Flow 19-2313] Loaded Vivado IP repository 'C:/Xilinx/Vivado/2024.1/data/ip'.
open_project: Time (s): cpu = 00:00:06 ; elapsed = 00:00:11 . Memory (MB): peak = 1839.875 ; gain = 595.578
update_compile_order -fileset sources_1
open_bd_design {C:/Projects/ERN24004/Projects/SC25/SC25.srcs/sources_1/bd/dma/dma.bd}
Reading block design file <C:/Projects/ERN24004/Projects/SC25/SC25.srcs/sources_1/bd/dma/dma.bd>...
Adding component instance block -- xilinx.com:ip:processing_system7:5.5 - processing_system7_0
Adding component instance block -- xilinx.com:ip:axi_interconnect:2.1 - ps7_0_axi_periph
Adding component instance block -- xilinx.com:ip:axi_crossbar:2.1 - xbar
Adding component instance block -- xilinx.com:ip:axi_protocol_converter:2.1 - auto_pc
Adding component instance block -- xilinx.com:ip:proc_sys_reset:5.0 - rst_ps7_0_50M
Adding component instance block -- xilinx.com:ip:axi_interconnect:2.1 - axi_mem_intercon
Adding component instance block -- xilinx.com:ip:axi_crossbar:2.1 - xbar
Adding component instance block -- xilinx.com:ip:axi_dwidth_converter:2.1 - auto_us
Adding component instance block -- xilinx.com:ip:axi_protocol_converter:2.1 - auto_pc
Adding component instance block -- xilinx.com:ip:axi_protocol_converter:2.1 - auto_pc
Adding component instance block -- xilinx.com:ip:axi_dma:7.1 - axi_dma
Adding component instance block -- xilinx.com:ip:axis_data_fifo:2.0 - axis_data_fifo_0
Adding component instance block -- digilentinc.com:IP:PmodAD1:1.0 - PmodAD1_0
Adding component instance block -- spicer.local:user:data_anchor:1.0 - data_anchor_0
Successfully read diagram <dma> from block design file <C:/Projects/ERN24004/Projects/SC25/SC25.srcs/sources_1/bd/dma/dma.bd>
update_ip_catalog -rebuild -scan_changes
INFO: [IP_Flow 19-234] Refreshing IP repositories
INFO: [IP_Flow 19-1700] Loaded user IP repository 'c:/Projects/ERN24004/Projects/SC25/ip_repo'.
report_ip_status -name ip_status
upgrade_ip -vlnv spicer.local:user:data_anchor:1.0 [get_ips  dma_data_anchor_0_0] -log ip_upgrade.log
Upgrading 'C:/Projects/ERN24004/Projects/SC25/SC25.srcs/sources_1/bd/dma/dma.bd'
INFO: [IP_Flow 19-3420] Updated dma_data_anchor_0_0 to use current project options
Wrote  : <C:\Projects\ERN24004\Projects\SC25\SC25.srcs\sources_1\bd\dma\dma.bd> 
Wrote  : <C:/Projects/ERN24004/Projects/SC25/SC25.srcs/sources_1/bd/dma/ui/bd_87aee958.ui> 
INFO: [Coretcl 2-1525] Wrote upgrade log to 'C:/Projects/ERN24004/Projects/SC25/ip_upgrade.log'.
export_ip_user_files -of_objects [get_ips dma_data_anchor_0_0] -no_script -sync -force -quiet
generate_target all [get_files  C:/Projects/ERN24004/Projects/SC25/SC25.srcs/sources_1/bd/dma/dma.bd]
WARNING: [BD 41-2670] Found an incomplete address path from address space '/processing_system7_0/Data' to master interface '/ps7_0_axi_periph/M03_AXI'. Please either complete or remove this path to resolve.
WARNING: [BD 41-2670] Found an incomplete address path from address space '/processing_system7_0/Data' to master interface '/ps7_0_axi_periph/M02_AXI'. Please either complete or remove this path to resolve.
WARNING: [BD 41-2670] Found an incomplete address path from address space '/processing_system7_0/Data' to master interface '/ps7_0_axi_periph/M01_AXI'. Please either complete or remove this path to resolve.
WARNING: [BD 5-699] No address segments matched 'get_bd_addr_segs -addressables -of_objects /ps7_0_axi_periph/xbar/M01_AXI'
WARNING: [BD 5-699] No address segments matched 'get_bd_addr_segs -addressables -of_objects /ps7_0_axi_periph/xbar/M02_AXI'
WARNING: [BD 5-699] No address segments matched 'get_bd_addr_segs -addressables -of_objects /ps7_0_axi_periph/xbar/M03_AXI'
WARNING: [BD 5-699] No address segments matched 'get_bd_addr_segs -addressed -of_object /axi_mem_intercon/S02_AXI'
WARNING: [BD 5-699] No address segments matched 'get_bd_addr_segs -addressable -of_object /axi_mem_intercon/S02_AXI'
WARNING: [BD 5-699] No address segments matched 'get_bd_addr_segs -addressing -of_object /axi_mem_intercon/S02_AXI'
Wrote  : <C:\Projects\ERN24004\Projects\SC25\SC25.srcs\sources_1\bd\dma\dma.bd> 
